<?xml version="1.0" encoding="UTF-8"?>
<testng-results ignored="1" total="2" passed="1" failed="0" skipped="0">
  <reporter-output>
  </reporter-output>
  <suite started-at="2017-12-04T08:22:10Z" name="Default suite" finished-at="2017-12-04T08:22:10Z" duration-ms="89">
    <groups>
    </groups>
    <test started-at="2017-12-04T08:22:10Z" name="Default test" finished-at="2017-12-04T08:22:10Z" duration-ms="89">
      <class name="lab2.Tests">
        <test-method is-config="true" signature="init()[pri:0, instance:lab2.Tests@399c4be1]" started-at="2017-12-04T10:22:10Z" name="init" finished-at="2017-12-04T10:22:10Z" duration-ms="28" status="PASS">
          <reporter-output>
          </reporter-output>
        </test-method> <!-- init -->
        <test-method signature="addAirplanes()[pri:0, instance:lab2.Tests@399c4be1]" started-at="2017-12-04T10:22:10Z" name="addAirplanes" finished-at="2017-12-04T10:22:10Z" duration-ms="13" status="PASS">
          <reporter-output>
          </reporter-output>
        </test-method> <!-- addAirplanes -->
      </class> <!-- lab2.Tests -->
    </test> <!-- Default test -->
  </suite> <!-- Default suite -->
</testng-results>
